<?xml version="1.0" encoding="UTF-8"?>
<!-- Generated by org.testng.reporters.JUnitReportReporter -->
<testsuite hostname="shriyan" name="com.test.Sampletest" tests="1" failures="0" timestamp="23 Jul 2017 05:40:38 GMT" time="75.647" errors="0">
  <testcase name="beginTest" time="75.647" classname="com.test.Sampletest"/>
</testsuite> <!-- com.test.Sampletest -->
