<?xml version="1.0" encoding="UTF-8"?>
<!-- Generated by org.testng.reporters.JUnitReportReporter -->
<testsuite hostname="shriyan" name="com.test.CukesRunnerTest" tests="1" failures="0" timestamp="17 Jun 2017 09:19:06 GMT" time="1.317" errors="0">
  <testcase name="run_cukes" time="1.317" classname="com.test.CukesRunnerTest"/>
</testsuite> <!-- com.test.CukesRunnerTest -->
