<?xml version="1.0" encoding="UTF-8"?>
<!-- Generated by org.testng.reporters.JUnitReportReporter -->
<testsuite hostname="shriyan" name="com.test.Sampletest" tests="1" failures="0" timestamp="16 Jul 2017 09:13:17 GMT" time="43.123" errors="0">
  <testcase name="beginTest" time="43.123" classname="com.test.Sampletest"/>
</testsuite> <!-- com.test.Sampletest -->
